sdk/build/intermediates/manifest_merge_blame_file/debug/manifest-merger-blame-debug-report.txt
1<?xml version="1.0" encoding="utf-8"?>
2<manifest xmlns:android="http://schemas.android.com/apk/res/android"
3    package="org.opencv"
4    android:versionCode="34150"
5    android:versionName="3.4.15" >
6
7    <uses-sdk
7-->sdk\java\AndroidManifest.xml:7:5-73
8        android:minSdkVersion="14"
8-->sdk\java\AndroidManifest.xml:7:15-40
9        android:targetSdkVersion="32" />
9-->sdk\java\AndroidManifest.xml:7:41-70
10
11    <uses-permission android:name="android.permission.CAMERA" />
11-->sdk\java\AndroidManifest.xml:8:5-65
11-->sdk\java\AndroidManifest.xml:8:22-62
12
13</manifest>